<?xml version="1.0" encoding="UTF-8"?>
<testng-results ignored="0" total="1" passed="1" failed="0" skipped="0">
  <reporter-output>
  </reporter-output>
  <suite started-at="2023-04-27T11:23:37 PDT" name="Default suite" finished-at="2023-04-27T11:23:51 PDT" duration-ms="13823">
    <groups>
    </groups>
    <test started-at="2023-04-27T11:23:37 PDT" name="Default test" finished-at="2023-04-27T11:23:51 PDT" duration-ms="13823">
      <class name="myNameTest.myNameTest">
        <test-method is-config="true" signature="preTest()[pri:0, instance:myNameTest.myNameTest@3088660d]" started-at="2023-04-27T11:23:37 PDT" name="preTest" finished-at="2023-04-27T11:23:50 PDT" duration-ms="13343" status="PASS">
          <reporter-output>
          </reporter-output>
        </test-method> <!-- preTest -->
        <test-method signature="nameAppearsInAllSearchResults()[pri:0, instance:myNameTest.myNameTest@3088660d]" started-at="2023-04-27T11:23:50 PDT" name="nameAppearsInAllSearchResults" finished-at="2023-04-27T11:23:50 PDT" duration-ms="413" status="PASS">
          <reporter-output>
          </reporter-output>
        </test-method> <!-- nameAppearsInAllSearchResults -->
        <test-method is-config="true" signature="afterTest()[pri:0, instance:myNameTest.myNameTest@3088660d]" started-at="2023-04-27T11:23:51 PDT" name="afterTest" finished-at="2023-04-27T11:23:51 PDT" duration-ms="0" status="PASS">
          <reporter-output>
          </reporter-output>
        </test-method> <!-- afterTest -->
      </class> <!-- myNameTest.myNameTest -->
    </test> <!-- Default test -->
  </suite> <!-- Default suite -->
</testng-results>
